#-----------------------------------------------------------
# Vivado v2018.3 (64-bit)
# SW Build 2405991 on Thu Dec  6 23:38:27 MST 2018
# IP Build 2404404 on Fri Dec  7 01:43:56 MST 2018
# Start of session at: Sun Apr 23 23:31:15 2023
# Process ID: 14780
# Current directory: F:/verilog/project_juzu_02_ans
# Command line: vivado.exe -gui_launcher_event rodinguilauncherevent9004 F:\verilog\project_juzu_02_ans\project_1.xpr
# Log file: F:/verilog/project_juzu_02_ans/vivado.log
# Journal file: F:/verilog/project_juzu_02_ans\vivado.jou
#-----------------------------------------------------------
start_gui
open_project F:/verilog/project_juzu_02_ans/project_1.xpr
Scanning sources...
Finished scanning sources
INFO: [IP_Flow 19-234] Refreshing IP repositories
INFO: [IP_Flow 19-1704] No user IP repositories specified
INFO: [IP_Flow 19-2313] Loaded Vivado IP repository 'F:/verilog/Vivado/2018.3/data/ip'.
WARNING: [IP_Flow 19-2162] IP 'blk_mem_gen_0' is locked:
* IP definition 'Block Memory Generator (8.4)' for IP 'blk_mem_gen_0' (customized with software release 2018.2) has a different revision in the IP Catalog.
Please select 'Report IP Status' from the 'Tools/Report' menu or run Tcl command 'report_ip_status' for more information.
update_compile_order -fileset sources_1
exit
INFO: [Common 17-206] Exiting Vivado at Sun Apr 23 23:31:58 2023...
